ERROR 2012-05-05 19:36:45,582 [main] - Error log message at: 1336239405581
DEBUG 2012-05-05 19:36:45,587 [main] - Error log message at: 1336239405581 should not be logged in logfile: log/harmony.error.log
TRACE 2012-05-05 19:36:45,601 [main] - Trace log message at: 1336239405601
DEBUG 2012-05-05 19:36:45,602 [main] - Debug log message at: 1336239405602
TRACE 2012-05-05 19:36:45,602 [main] - Debug log message at: 1336239405602 should not be logged in logfile: log/harmony.debug.log
INFO  2012-05-05 19:36:45,604 [main] - Info log message at: 1336239405603
DEBUG 2012-05-05 19:36:45,604 [main] - Info log message at: 1336239405603 should not be logged in logfile: log/harmony.info.log
WARN  2012-05-05 19:36:45,605 [main] - Warn log message at: 1336239405605
DEBUG 2012-05-05 19:36:45,606 [main] - Warn log message at: 1336239405605 should not be logged in logfile: log/harmony.warn.log
FATAL 2012-05-05 19:36:45,607 [main] - Fatal log message at: 1336239405607
DEBUG 2012-05-05 19:36:45,607 [main] - Fatal log message at: 1336239405607 should not be logged in logfile: log/harmony.fatal.log
TRACE 2012-05-05 19:36:45,626 [main] - logTrace
DEBUG 2012-05-05 19:36:45,626 [main] - logDebug
INFO  2012-05-05 19:36:45,626 [main] - logInfo
WARN  2012-05-05 19:36:45,626 [main] - logWarn
ERROR 2012-05-05 19:36:45,626 [main] - logError
FATAL 2012-05-05 19:36:45,626 [main] - logFatal
ERROR 2012-05-05 19:38:29,083 [main] - Error log message at: 1336239509082
DEBUG 2012-05-05 19:38:29,087 [main] - Error log message at: 1336239509082 should not be logged in logfile: log/harmony.error.log
TRACE 2012-05-05 19:38:29,095 [main] - Trace log message at: 1336239509095
DEBUG 2012-05-05 19:38:29,098 [main] - Debug log message at: 1336239509098
TRACE 2012-05-05 19:38:29,099 [main] - Debug log message at: 1336239509098 should not be logged in logfile: log/harmony.debug.log
INFO  2012-05-05 19:38:29,101 [main] - Info log message at: 1336239509101
DEBUG 2012-05-05 19:38:29,101 [main] - Info log message at: 1336239509101 should not be logged in logfile: log/harmony.info.log
WARN  2012-05-05 19:38:29,104 [main] - Warn log message at: 1336239509103
DEBUG 2012-05-05 19:38:29,109 [main] - Warn log message at: 1336239509103 should not be logged in logfile: log/harmony.warn.log
FATAL 2012-05-05 19:38:29,110 [main] - Fatal log message at: 1336239509110
DEBUG 2012-05-05 19:38:29,111 [main] - Fatal log message at: 1336239509110 should not be logged in logfile: log/harmony.fatal.log
TRACE 2012-05-05 19:38:29,129 [main] - logTrace
DEBUG 2012-05-05 19:38:29,129 [main] - logDebug
INFO  2012-05-05 19:38:29,129 [main] - logInfo
WARN  2012-05-05 19:38:29,129 [main] - logWarn
ERROR 2012-05-05 19:38:29,129 [main] - logError
FATAL 2012-05-05 19:38:29,129 [main] - logFatal
