WARN  2012-04-30 17:20:14,367 [idb_RequestHandler_6fe20002_addDomain] - advertised endpoint 112.180.1.101 is not declared as border endpoint
WARN  2012-04-30 17:20:14,855 [idb_RequestHandler_6fe20005_addDomain] - advertised endpoint 114.228.1.101 is not declared as border endpoint
WARN  2012-04-30 17:20:15,596 [idb_RequestHandler_6fe2000b_addDomain] - advertised endpoint 117.198.1.101 is not declared as border endpoint
WARN  2012-04-30 17:20:16,047 [idb_RequestHandler_6fe2000f_addDomain] - advertised endpoint 119.140.1.101 is not declared as border endpoint
WARN  2012-04-30 17:20:16,560 [idb_RequestHandler_6fe20015_addDomain] - advertised endpoint 121.134.1.101 is not declared as border endpoint
WARN  2012-04-30 17:20:17,272 [idb_RequestHandler_6fe2001a_addDomain] - advertised endpoint 124.74.1.101 is not declared as border endpoint
WARN  2012-04-30 17:20:17,826 [idb_RequestHandler_6fe20021_addDomain] - advertised endpoint 126.132.1.101 is not declared as border endpoint
WARN  2012-04-30 17:20:18,011 [idb_RequestHandler_6fe20022_editDomain] - advertised endpoint 126.132.1.201 is not declared as border endpoint
WARN  2012-04-30 17:20:18,657 [idb_RequestHandler_6fe20027_addDomain] - advertised endpoint 129.175.1.101 is not declared as border endpoint
WARN  2012-04-30 17:20:19,298 [idb_RequestHandler_6fe2002f_addDomain] - advertised endpoint 132.52.1.101 is not declared as border endpoint
WARN  2012-04-30 17:20:19,689 [idb_RequestHandler_6fe20034_addDomain] - advertised endpoint 133.206.1.101 is not declared as border endpoint
WARN  2012-04-30 17:20:20,395 [idb_RequestHandler_6fe20039_addDomain] - advertised endpoint 136.134.1.101 is not declared as border endpoint
WARN  2012-04-30 17:20:21,350 [idb_RequestHandler_6fe20043_addDomain] - advertised endpoint 140.70.1.101 is not declared as border endpoint
FATAL 2012-04-30 17:20:23,144 [idb_RequestHandler_6fe20051_deleteDomain] - Exception <DatabaseException> handled by ExceptionHandler
org.opennaas.extensions.idb.exception.database.DatabaseException: The transaction has been rolled back.  See the nested exceptions for details on the errors that occurred.
	at org.opennaas.extensions.idb.database.TransactionManager.start(TransactionManager.java:113)
	at org.opennaas.extensions.idb.database.TransactionManager.<init>(TransactionManager.java:75)
	at org.opennaas.extensions.idb.database.hibernate.Domain$6.<init>(Domain.java:948)
	at org.opennaas.extensions.idb.database.hibernate.Domain.delete(Domain.java:948)
	at org.opennaas.extensions.idb.topology.handler.TopologyRequestHandler.deleteDomain(TopologyRequestHandler.java:362)
	at sun.reflect.GeneratedMethodAccessor24.invoke(Unknown Source)
	at sun.reflect.DelegatingMethodAccessorImpl.invoke(DelegatingMethodAccessorImpl.java:43)
	at java.lang.reflect.Method.invoke(Method.java:616)
	at org.opennaas.extensions.idb.serviceinterface.RequestHandler.invokeMethod(RequestHandler.java:163)
	at org.opennaas.extensions.idb.serviceinterface.RequestHandler.runRequest(RequestHandler.java:230)
	at org.opennaas.extensions.idb.serviceinterface.RequestHandler.handle(RequestHandler.java:113)
	at org.opennaas.extensions.idb.webservice.TopologyWS.deleteDomain(TopologyWS.java:68)
	at sun.reflect.GeneratedMethodAccessor22.invoke(Unknown Source)
	at sun.reflect.DelegatingMethodAccessorImpl.invoke(DelegatingMethodAccessorImpl.java:43)
	at java.lang.reflect.Method.invoke(Method.java:616)
	at org.opennaas.extensions.idb.serviceinterface.topology.CommonTopologyClient.callServer(CommonTopologyClient.java:141)
	at org.opennaas.extensions.idb.serviceinterface.topology.CommonTopologyClient.deleteDomain(CommonTopologyClient.java:163)
	at org.opennaas.extensions.idb.serviceinterface.topology.SimpleTopologyClient.deleteDomain(SimpleTopologyClient.java:231)
	at org.opennaas.extensions.idb.serviceinterface.topology.SimpleTopologyClient.deleteDomain(SimpleTopologyClient.java:247)
	at org.opennaas.extensions.idb.test.webservice.TestReservationWebservice.cleanupTopology(TestReservationWebservice.java:100)
	at sun.reflect.NativeMethodAccessorImpl.invoke0(Native Method)
	at sun.reflect.NativeMethodAccessorImpl.invoke(NativeMethodAccessorImpl.java:57)
	at sun.reflect.DelegatingMethodAccessorImpl.invoke(DelegatingMethodAccessorImpl.java:43)
	at java.lang.reflect.Method.invoke(Method.java:616)
	at org.junit.internal.runners.ClassRoadie.runAfters(ClassRoadie.java:65)
	at org.junit.internal.runners.ClassRoadie.runProtected(ClassRoadie.java:40)
	at org.junit.internal.runners.JUnit4ClassRunner.run(JUnit4ClassRunner.java:42)
	at org.apache.maven.surefire.junit4.JUnit4Provider.execute(JUnit4Provider.java:236)
	at org.apache.maven.surefire.junit4.JUnit4Provider.executeTestSet(JUnit4Provider.java:134)
	at org.apache.maven.surefire.junit4.JUnit4Provider.invoke(JUnit4Provider.java:113)
	at sun.reflect.NativeMethodAccessorImpl.invoke0(Native Method)
	at sun.reflect.NativeMethodAccessorImpl.invoke(NativeMethodAccessorImpl.java:57)
	at sun.reflect.DelegatingMethodAccessorImpl.invoke(DelegatingMethodAccessorImpl.java:43)
	at java.lang.reflect.Method.invoke(Method.java:616)
	at org.apache.maven.surefire.util.ReflectionUtils.invokeMethodWithArray(ReflectionUtils.java:189)
	at org.apache.maven.surefire.booter.ProviderFactory$ProviderProxy.invoke(ProviderFactory.java:165)
	at org.apache.maven.surefire.booter.ProviderFactory.invokeProvider(ProviderFactory.java:85)
	at org.apache.maven.surefire.booter.ForkedBooter.runSuitesInProcess(ForkedBooter.java:103)
	at org.apache.maven.surefire.booter.ForkedBooter.main(ForkedBooter.java:74)
Caused by: <openjpa-2.2.0-r422266:1244990 fatal store error> org.apache.openjpa.persistence.EntityExistsException: The transaction has been rolled back.  See the nested exceptions for details on the errors that occurred.
FailedObject: org.opennaas.extensions.idb.database.hibernate.Domain-localDummy
	at org.apache.openjpa.kernel.BrokerImpl.newFlushException(BrokerImpl.java:2337)
	at org.apache.openjpa.kernel.BrokerImpl.flush(BrokerImpl.java:2174)
	at org.apache.openjpa.kernel.BrokerImpl.flushSafe(BrokerImpl.java:2072)
	at org.apache.openjpa.kernel.BrokerImpl.flush(BrokerImpl.java:1843)
	at org.apache.openjpa.kernel.DelegatingBroker.flush(DelegatingBroker.java:1045)
	at org.apache.openjpa.persistence.EntityManagerImpl.flush(EntityManagerImpl.java:663)
	at org.opennaas.extensions.idb.database.TransactionManager.start(TransactionManager.java:109)
	... 38 more
Caused by: <openjpa-2.2.0-r422266:1244990 fatal store error> org.apache.openjpa.persistence.EntityExistsException: Cannot delete or update a parent row: a foreign key constraint fails (`RealIDB`.`Endpoint`, CONSTRAINT `Endpoint_ibfk_1` FOREIGN KEY (`fkDomainName`) REFERENCES `Domain` (`name`)) {prepstmnt 359795690 DELETE FROM Domain WHERE name = ? [params=?]} [code=1451, state=23000]
FailedObject: org.opennaas.extensions.idb.database.hibernate.Domain-localDummy
	at org.apache.openjpa.jdbc.sql.DBDictionary.narrow(DBDictionary.java:4903)
	at org.apache.openjpa.jdbc.sql.DBDictionary.newStoreException(DBDictionary.java:4878)
	at org.apache.openjpa.jdbc.sql.SQLExceptions.getStore(SQLExceptions.java:136)
	at org.apache.openjpa.jdbc.sql.SQLExceptions.getStore(SQLExceptions.java:78)
	at org.apache.openjpa.jdbc.kernel.PreparedStatementManagerImpl.flushAndUpdate(PreparedStatementManagerImpl.java:143)
	at org.apache.openjpa.jdbc.kernel.BatchingPreparedStatementManagerImpl.flushAndUpdate(BatchingPreparedStatementManagerImpl.java:79)
	at org.apache.openjpa.jdbc.kernel.PreparedStatementManagerImpl.flushInternal(PreparedStatementManagerImpl.java:99)
	at org.apache.openjpa.jdbc.kernel.PreparedStatementManagerImpl.flush(PreparedStatementManagerImpl.java:87)
	at org.apache.openjpa.jdbc.kernel.ConstraintUpdateManager.flush(ConstraintUpdateManager.java:357)
	at org.apache.openjpa.jdbc.kernel.ConstraintUpdateManager.flushGraph(ConstraintUpdateManager.java:349)
	at org.apache.openjpa.jdbc.kernel.ConstraintUpdateManager.flush(ConstraintUpdateManager.java:111)
	at org.apache.openjpa.jdbc.kernel.BatchingConstraintUpdateManager.flush(BatchingConstraintUpdateManager.java:59)
	at org.apache.openjpa.jdbc.kernel.AbstractUpdateManager.flush(AbstractUpdateManager.java:103)
	at org.apache.openjpa.jdbc.kernel.AbstractUpdateManager.flush(AbstractUpdateManager.java:76)
	at org.apache.openjpa.jdbc.kernel.JDBCStoreManager.flush(JDBCStoreManager.java:713)
	at org.apache.openjpa.kernel.DelegatingStoreManager.flush(DelegatingStoreManager.java:131)
	... 44 more
Caused by: org.apache.openjpa.lib.jdbc.ReportingSQLException: Cannot delete or update a parent row: a foreign key constraint fails (`RealIDB`.`Endpoint`, CONSTRAINT `Endpoint_ibfk_1` FOREIGN KEY (`fkDomainName`) REFERENCES `Domain` (`name`)) {prepstmnt 359795690 DELETE FROM Domain WHERE name = ? [params=?]} [code=1451, state=23000]
	at org.apache.openjpa.lib.jdbc.LoggingConnectionDecorator.wrap(LoggingConnectionDecorator.java:247)
	at org.apache.openjpa.lib.jdbc.LoggingConnectionDecorator.wrap(LoggingConnectionDecorator.java:223)
	at org.apache.openjpa.lib.jdbc.LoggingConnectionDecorator.access$1000(LoggingConnectionDecorator.java:72)
	at org.apache.openjpa.lib.jdbc.LoggingConnectionDecorator$LoggingConnection$LoggingPreparedStatement.executeUpdate(LoggingConnectionDecorator.java:1162)
	at org.apache.openjpa.lib.jdbc.DelegatingPreparedStatement.executeUpdate(DelegatingPreparedStatement.java:272)
	at org.apache.openjpa.jdbc.kernel.JDBCStoreManager$CancelPreparedStatement.executeUpdate(JDBCStoreManager.java:1741)
	at org.apache.openjpa.jdbc.kernel.PreparedStatementManagerImpl.executeUpdate(PreparedStatementManagerImpl.java:267)
	at org.apache.openjpa.jdbc.kernel.PreparedStatementManagerImpl.flushAndUpdate(PreparedStatementManagerImpl.java:118)
	... 55 more
WARN  2012-04-30 17:20:23,341 [Thread-6] - sending notification to http://localhost:8080/harmony-idb/services/Reservation failed! Calling http://localhost:8080/harmony-idb/services/Reservation:
Connection refused
WARN  2012-04-30 17:20:27,955 [idb_RequestHandler_6fe20061_getReservations] - No such method: org.opennaas.extensions.idb.serviceinterface.databinding.jaxb.GetReservationsType.getReservationID()
WARN  2012-04-30 17:20:28,083 [idb_RequestHandler_6fe20062_getReservations] - No such method: org.opennaas.extensions.idb.serviceinterface.databinding.jaxb.GetReservationsType.getReservationID()
WARN  2012-04-30 17:20:29,580 [idb_RequestHandler_6fe20066_cancelJob] - No such method: org.opennaas.extensions.idb.serviceinterface.databinding.jaxb.CancelJobType.getReservationID()
WARN  2012-04-30 17:20:29,601 [idb_RequestHandler_6fe20067_completeJob] - No such method: org.opennaas.extensions.idb.serviceinterface.databinding.jaxb.CompleteJobType.getReservationID()
WARN  2012-04-30 17:36:30,129 [idb_RequestHandler_53850002_addDomain] - advertised endpoint 84.112.1.101 is not declared as border endpoint
WARN  2012-04-30 17:36:30,583 [idb_RequestHandler_53850005_addDomain] - advertised endpoint 86.69.1.101 is not declared as border endpoint
WARN  2012-04-30 17:36:31,208 [idb_RequestHandler_5385000b_addDomain] - advertised endpoint 88.177.1.101 is not declared as border endpoint
WARN  2012-04-30 17:36:31,645 [idb_RequestHandler_5385000f_addDomain] - advertised endpoint 90.121.1.101 is not declared as border endpoint
WARN  2012-04-30 17:36:32,180 [idb_RequestHandler_53850015_addDomain] - advertised endpoint 92.145.1.101 is not declared as border endpoint
WARN  2012-04-30 17:36:33,011 [idb_RequestHandler_5385001a_addDomain] - advertised endpoint 95.206.1.101 is not declared as border endpoint
WARN  2012-04-30 17:36:33,584 [idb_RequestHandler_53850021_addDomain] - advertised endpoint 98.24.1.101 is not declared as border endpoint
WARN  2012-04-30 17:36:33,785 [idb_RequestHandler_53850022_editDomain] - advertised endpoint 98.24.1.201 is not declared as border endpoint
WARN  2012-04-30 17:36:34,478 [idb_RequestHandler_53850027_addDomain] - advertised endpoint 101.123.1.101 is not declared as border endpoint
WARN  2012-04-30 17:36:35,271 [idb_RequestHandler_5385002f_addDomain] - advertised endpoint 104.159.1.101 is not declared as border endpoint
WARN  2012-04-30 17:36:35,684 [idb_RequestHandler_53850034_addDomain] - advertised endpoint 106.73.1.101 is not declared as border endpoint
WARN  2012-04-30 17:36:36,094 [idb_RequestHandler_53850039_addDomain] - advertised endpoint 107.217.1.101 is not declared as border endpoint
WARN  2012-04-30 17:36:37,043 [idb_RequestHandler_53850043_addDomain] - advertised endpoint 111.140.1.101 is not declared as border endpoint
FATAL 2012-04-30 17:36:39,047 [idb_RequestHandler_53850051_deleteDomain] - Exception <DatabaseException> handled by ExceptionHandler
org.opennaas.extensions.idb.exception.database.DatabaseException: The transaction has been rolled back.  See the nested exceptions for details on the errors that occurred.
	at org.opennaas.extensions.idb.database.TransactionManager.start(TransactionManager.java:113)
	at org.opennaas.extensions.idb.database.TransactionManager.<init>(TransactionManager.java:75)
	at org.opennaas.extensions.idb.database.hibernate.Domain$6.<init>(Domain.java:948)
	at org.opennaas.extensions.idb.database.hibernate.Domain.delete(Domain.java:948)
	at org.opennaas.extensions.idb.topology.handler.TopologyRequestHandler.deleteDomain(TopologyRequestHandler.java:362)
	at sun.reflect.GeneratedMethodAccessor24.invoke(Unknown Source)
	at sun.reflect.DelegatingMethodAccessorImpl.invoke(DelegatingMethodAccessorImpl.java:43)
	at java.lang.reflect.Method.invoke(Method.java:616)
	at org.opennaas.extensions.idb.serviceinterface.RequestHandler.invokeMethod(RequestHandler.java:163)
	at org.opennaas.extensions.idb.serviceinterface.RequestHandler.runRequest(RequestHandler.java:230)
	at org.opennaas.extensions.idb.serviceinterface.RequestHandler.handle(RequestHandler.java:113)
	at org.opennaas.extensions.idb.webservice.TopologyWS.deleteDomain(TopologyWS.java:68)
	at sun.reflect.GeneratedMethodAccessor22.invoke(Unknown Source)
	at sun.reflect.DelegatingMethodAccessorImpl.invoke(DelegatingMethodAccessorImpl.java:43)
	at java.lang.reflect.Method.invoke(Method.java:616)
	at org.opennaas.extensions.idb.serviceinterface.topology.CommonTopologyClient.callServer(CommonTopologyClient.java:141)
	at org.opennaas.extensions.idb.serviceinterface.topology.CommonTopologyClient.deleteDomain(CommonTopologyClient.java:163)
	at org.opennaas.extensions.idb.serviceinterface.topology.SimpleTopologyClient.deleteDomain(SimpleTopologyClient.java:231)
	at org.opennaas.extensions.idb.serviceinterface.topology.SimpleTopologyClient.deleteDomain(SimpleTopologyClient.java:247)
	at org.opennaas.extensions.idb.test.webservice.TestReservationWebservice.cleanupTopology(TestReservationWebservice.java:100)
	at sun.reflect.NativeMethodAccessorImpl.invoke0(Native Method)
	at sun.reflect.NativeMethodAccessorImpl.invoke(NativeMethodAccessorImpl.java:57)
	at sun.reflect.DelegatingMethodAccessorImpl.invoke(DelegatingMethodAccessorImpl.java:43)
	at java.lang.reflect.Method.invoke(Method.java:616)
	at org.junit.internal.runners.ClassRoadie.runAfters(ClassRoadie.java:65)
	at org.junit.internal.runners.ClassRoadie.runProtected(ClassRoadie.java:40)
	at org.junit.internal.runners.JUnit4ClassRunner.run(JUnit4ClassRunner.java:42)
	at org.apache.maven.surefire.junit4.JUnit4Provider.execute(JUnit4Provider.java:236)
	at org.apache.maven.surefire.junit4.JUnit4Provider.executeTestSet(JUnit4Provider.java:134)
	at org.apache.maven.surefire.junit4.JUnit4Provider.invoke(JUnit4Provider.java:113)
	at sun.reflect.NativeMethodAccessorImpl.invoke0(Native Method)
	at sun.reflect.NativeMethodAccessorImpl.invoke(NativeMethodAccessorImpl.java:57)
	at sun.reflect.DelegatingMethodAccessorImpl.invoke(DelegatingMethodAccessorImpl.java:43)
	at java.lang.reflect.Method.invoke(Method.java:616)
	at org.apache.maven.surefire.util.ReflectionUtils.invokeMethodWithArray(ReflectionUtils.java:189)
	at org.apache.maven.surefire.booter.ProviderFactory$ProviderProxy.invoke(ProviderFactory.java:165)
	at org.apache.maven.surefire.booter.ProviderFactory.invokeProvider(ProviderFactory.java:85)
	at org.apache.maven.surefire.booter.ForkedBooter.runSuitesInProcess(ForkedBooter.java:103)
	at org.apache.maven.surefire.booter.ForkedBooter.main(ForkedBooter.java:74)
Caused by: <openjpa-2.2.0-r422266:1244990 fatal store error> org.apache.openjpa.persistence.EntityExistsException: The transaction has been rolled back.  See the nested exceptions for details on the errors that occurred.
FailedObject: org.opennaas.extensions.idb.database.hibernate.Domain-localDummy
	at org.apache.openjpa.kernel.BrokerImpl.newFlushException(BrokerImpl.java:2337)
	at org.apache.openjpa.kernel.BrokerImpl.flush(BrokerImpl.java:2174)
	at org.apache.openjpa.kernel.BrokerImpl.flushSafe(BrokerImpl.java:2072)
	at org.apache.openjpa.kernel.BrokerImpl.flush(BrokerImpl.java:1843)
	at org.apache.openjpa.kernel.DelegatingBroker.flush(DelegatingBroker.java:1045)
	at org.apache.openjpa.persistence.EntityManagerImpl.flush(EntityManagerImpl.java:663)
	at org.opennaas.extensions.idb.database.TransactionManager.start(TransactionManager.java:109)
	... 38 more
Caused by: <openjpa-2.2.0-r422266:1244990 fatal store error> org.apache.openjpa.persistence.EntityExistsException: Cannot delete or update a parent row: a foreign key constraint fails (`RealIDB`.`Endpoint`, CONSTRAINT `Endpoint_ibfk_1` FOREIGN KEY (`fkDomainName`) REFERENCES `Domain` (`name`)) {prepstmnt 148603221 DELETE FROM Domain WHERE name = ? [params=?]} [code=1451, state=23000]
FailedObject: org.opennaas.extensions.idb.database.hibernate.Domain-localDummy
	at org.apache.openjpa.jdbc.sql.DBDictionary.narrow(DBDictionary.java:4903)
	at org.apache.openjpa.jdbc.sql.DBDictionary.newStoreException(DBDictionary.java:4878)
	at org.apache.openjpa.jdbc.sql.SQLExceptions.getStore(SQLExceptions.java:136)
	at org.apache.openjpa.jdbc.sql.SQLExceptions.getStore(SQLExceptions.java:78)
	at org.apache.openjpa.jdbc.kernel.PreparedStatementManagerImpl.flushAndUpdate(PreparedStatementManagerImpl.java:143)
	at org.apache.openjpa.jdbc.kernel.BatchingPreparedStatementManagerImpl.flushAndUpdate(BatchingPreparedStatementManagerImpl.java:79)
	at org.apache.openjpa.jdbc.kernel.PreparedStatementManagerImpl.flushInternal(PreparedStatementManagerImpl.java:99)
	at org.apache.openjpa.jdbc.kernel.PreparedStatementManagerImpl.flush(PreparedStatementManagerImpl.java:87)
	at org.apache.openjpa.jdbc.kernel.ConstraintUpdateManager.flush(ConstraintUpdateManager.java:357)
	at org.apache.openjpa.jdbc.kernel.ConstraintUpdateManager.flushGraph(ConstraintUpdateManager.java:349)
	at org.apache.openjpa.jdbc.kernel.ConstraintUpdateManager.flush(ConstraintUpdateManager.java:111)
	at org.apache.openjpa.jdbc.kernel.BatchingConstraintUpdateManager.flush(BatchingConstraintUpdateManager.java:59)
	at org.apache.openjpa.jdbc.kernel.AbstractUpdateManager.flush(AbstractUpdateManager.java:103)
	at org.apache.openjpa.jdbc.kernel.AbstractUpdateManager.flush(AbstractUpdateManager.java:76)
	at org.apache.openjpa.jdbc.kernel.JDBCStoreManager.flush(JDBCStoreManager.java:713)
	at org.apache.openjpa.kernel.DelegatingStoreManager.flush(DelegatingStoreManager.java:131)
	... 44 more
Caused by: org.apache.openjpa.lib.jdbc.ReportingSQLException: Cannot delete or update a parent row: a foreign key constraint fails (`RealIDB`.`Endpoint`, CONSTRAINT `Endpoint_ibfk_1` FOREIGN KEY (`fkDomainName`) REFERENCES `Domain` (`name`)) {prepstmnt 148603221 DELETE FROM Domain WHERE name = ? [params=?]} [code=1451, state=23000]
	at org.apache.openjpa.lib.jdbc.LoggingConnectionDecorator.wrap(LoggingConnectionDecorator.java:247)
	at org.apache.openjpa.lib.jdbc.LoggingConnectionDecorator.wrap(LoggingConnectionDecorator.java:223)
	at org.apache.openjpa.lib.jdbc.LoggingConnectionDecorator.access$1000(LoggingConnectionDecorator.java:72)
	at org.apache.openjpa.lib.jdbc.LoggingConnectionDecorator$LoggingConnection$LoggingPreparedStatement.executeUpdate(LoggingConnectionDecorator.java:1162)
	at org.apache.openjpa.lib.jdbc.DelegatingPreparedStatement.executeUpdate(DelegatingPreparedStatement.java:272)
	at org.apache.openjpa.jdbc.kernel.JDBCStoreManager$CancelPreparedStatement.executeUpdate(JDBCStoreManager.java:1741)
	at org.apache.openjpa.jdbc.kernel.PreparedStatementManagerImpl.executeUpdate(PreparedStatementManagerImpl.java:267)
	at org.apache.openjpa.jdbc.kernel.PreparedStatementManagerImpl.flushAndUpdate(PreparedStatementManagerImpl.java:118)
	... 55 more
WARN  2012-04-30 17:36:39,249 [Thread-6] - sending notification to http://localhost:8080/harmony-idb/services/Reservation failed! Calling http://localhost:8080/harmony-idb/services/Reservation:
Connection refused
WARN  2012-04-30 17:36:43,829 [idb_RequestHandler_53850061_getReservations] - No such method: org.opennaas.extensions.idb.serviceinterface.databinding.jaxb.GetReservationsType.getReservationID()
WARN  2012-04-30 17:36:44,083 [idb_RequestHandler_53850062_getReservations] - No such method: org.opennaas.extensions.idb.serviceinterface.databinding.jaxb.GetReservationsType.getReservationID()
WARN  2012-04-30 17:36:45,766 [idb_RequestHandler_53850066_cancelJob] - No such method: org.opennaas.extensions.idb.serviceinterface.databinding.jaxb.CancelJobType.getReservationID()
WARN  2012-04-30 17:36:45,829 [idb_RequestHandler_53850067_completeJob] - No such method: org.opennaas.extensions.idb.serviceinterface.databinding.jaxb.CompleteJobType.getReservationID()
WARN  2012-04-30 18:31:51,118 [idb_RequestHandler_fff10002_addDomain] - advertised endpoint 0.232.1.101 is not declared as border endpoint
WARN  2012-04-30 18:31:51,738 [idb_RequestHandler_fff10005_addDomain] - advertised endpoint 3.156.1.101 is not declared as border endpoint
WARN  2012-04-30 18:31:52,646 [idb_RequestHandler_fff1000b_addDomain] - advertised endpoint 7.17.1.101 is not declared as border endpoint
WARN  2012-04-30 18:31:53,147 [idb_RequestHandler_fff1000f_addDomain] - advertised endpoint 9.16.1.101 is not declared as border endpoint
WARN  2012-04-30 18:31:53,719 [idb_RequestHandler_fff10015_addDomain] - advertised endpoint 11.86.1.101 is not declared as border endpoint
WARN  2012-04-30 18:31:54,769 [idb_RequestHandler_fff1001a_addDomain] - advertised endpoint 15.101.1.101 is not declared as border endpoint
WARN  2012-04-30 18:31:55,488 [idb_RequestHandler_fff10021_addDomain] - advertised endpoint 18.55.1.101 is not declared as border endpoint
WARN  2012-04-30 18:31:56,418 [idb_RequestHandler_fff10022_editDomain] - advertised endpoint 18.55.1.201 is not declared as border endpoint
WARN  2012-04-30 18:31:57,113 [idb_RequestHandler_fff10027_addDomain] - advertised endpoint 24.153.1.101 is not declared as border endpoint
WARN  2012-04-30 18:31:57,856 [idb_RequestHandler_fff1002f_addDomain] - advertised endpoint 27.98.1.101 is not declared as border endpoint
WARN  2012-04-30 18:31:58,666 [idb_RequestHandler_fff10034_addDomain] - advertised endpoint 30.165.1.101 is not declared as border endpoint
WARN  2012-04-30 18:31:59,574 [idb_RequestHandler_fff10039_addDomain] - advertised endpoint 34.51.1.101 is not declared as border endpoint
WARN  2012-04-30 18:32:01,147 [idb_RequestHandler_fff10043_addDomain] - advertised endpoint 40.93.1.101 is not declared as border endpoint
FATAL 2012-04-30 18:32:03,105 [idb_RequestHandler_fff10051_deleteDomain] - Exception <DatabaseException> handled by ExceptionHandler
org.opennaas.extensions.idb.exception.database.DatabaseException: The transaction has been rolled back.  See the nested exceptions for details on the errors that occurred.
	at org.opennaas.extensions.idb.database.TransactionManager.start(TransactionManager.java:113)
	at org.opennaas.extensions.idb.database.TransactionManager.<init>(TransactionManager.java:75)
	at org.opennaas.extensions.idb.database.hibernate.Domain$6.<init>(Domain.java:948)
	at org.opennaas.extensions.idb.database.hibernate.Domain.delete(Domain.java:948)
	at org.opennaas.extensions.idb.topology.handler.TopologyRequestHandler.deleteDomain(TopologyRequestHandler.java:362)
	at sun.reflect.GeneratedMethodAccessor24.invoke(Unknown Source)
	at sun.reflect.DelegatingMethodAccessorImpl.invoke(DelegatingMethodAccessorImpl.java:43)
	at java.lang.reflect.Method.invoke(Method.java:616)
	at org.opennaas.extensions.idb.serviceinterface.RequestHandler.invokeMethod(RequestHandler.java:163)
	at org.opennaas.extensions.idb.serviceinterface.RequestHandler.runRequest(RequestHandler.java:230)
	at org.opennaas.extensions.idb.serviceinterface.RequestHandler.handle(RequestHandler.java:113)
	at org.opennaas.extensions.idb.webservice.TopologyWS.deleteDomain(TopologyWS.java:68)
	at sun.reflect.GeneratedMethodAccessor22.invoke(Unknown Source)
	at sun.reflect.DelegatingMethodAccessorImpl.invoke(DelegatingMethodAccessorImpl.java:43)
	at java.lang.reflect.Method.invoke(Method.java:616)
	at org.opennaas.extensions.idb.serviceinterface.topology.CommonTopologyClient.callServer(CommonTopologyClient.java:141)
	at org.opennaas.extensions.idb.serviceinterface.topology.CommonTopologyClient.deleteDomain(CommonTopologyClient.java:163)
	at org.opennaas.extensions.idb.serviceinterface.topology.SimpleTopologyClient.deleteDomain(SimpleTopologyClient.java:231)
	at org.opennaas.extensions.idb.serviceinterface.topology.SimpleTopologyClient.deleteDomain(SimpleTopologyClient.java:247)
	at org.opennaas.extensions.idb.test.webservice.TestReservationWebservice.cleanupTopology(TestReservationWebservice.java:100)
	at sun.reflect.NativeMethodAccessorImpl.invoke0(Native Method)
	at sun.reflect.NativeMethodAccessorImpl.invoke(NativeMethodAccessorImpl.java:57)
	at sun.reflect.DelegatingMethodAccessorImpl.invoke(DelegatingMethodAccessorImpl.java:43)
	at java.lang.reflect.Method.invoke(Method.java:616)
	at org.junit.internal.runners.ClassRoadie.runAfters(ClassRoadie.java:65)
	at org.junit.internal.runners.ClassRoadie.runProtected(ClassRoadie.java:40)
	at org.junit.internal.runners.JUnit4ClassRunner.run(JUnit4ClassRunner.java:42)
	at org.apache.maven.surefire.junit4.JUnit4Provider.execute(JUnit4Provider.java:236)
	at org.apache.maven.surefire.junit4.JUnit4Provider.executeTestSet(JUnit4Provider.java:134)
	at org.apache.maven.surefire.junit4.JUnit4Provider.invoke(JUnit4Provider.java:113)
	at sun.reflect.NativeMethodAccessorImpl.invoke0(Native Method)
	at sun.reflect.NativeMethodAccessorImpl.invoke(NativeMethodAccessorImpl.java:57)
	at sun.reflect.DelegatingMethodAccessorImpl.invoke(DelegatingMethodAccessorImpl.java:43)
	at java.lang.reflect.Method.invoke(Method.java:616)
	at org.apache.maven.surefire.util.ReflectionUtils.invokeMethodWithArray(ReflectionUtils.java:189)
	at org.apache.maven.surefire.booter.ProviderFactory$ProviderProxy.invoke(ProviderFactory.java:165)
	at org.apache.maven.surefire.booter.ProviderFactory.invokeProvider(ProviderFactory.java:85)
	at org.apache.maven.surefire.booter.ForkedBooter.runSuitesInProcess(ForkedBooter.java:103)
	at org.apache.maven.surefire.booter.ForkedBooter.main(ForkedBooter.java:74)
Caused by: <openjpa-2.2.0-r422266:1244990 fatal store error> org.apache.openjpa.persistence.EntityExistsException: The transaction has been rolled back.  See the nested exceptions for details on the errors that occurred.
FailedObject: org.opennaas.extensions.idb.database.hibernate.Domain-localDummy
	at org.apache.openjpa.kernel.BrokerImpl.newFlushException(BrokerImpl.java:2337)
	at org.apache.openjpa.kernel.BrokerImpl.flush(BrokerImpl.java:2174)
	at org.apache.openjpa.kernel.BrokerImpl.flushSafe(BrokerImpl.java:2072)
	at org.apache.openjpa.kernel.BrokerImpl.flush(BrokerImpl.java:1843)
	at org.apache.openjpa.kernel.DelegatingBroker.flush(DelegatingBroker.java:1045)
	at org.apache.openjpa.persistence.EntityManagerImpl.flush(EntityManagerImpl.java:663)
	at org.opennaas.extensions.idb.database.TransactionManager.start(TransactionManager.java:109)
	... 38 more
Caused by: <openjpa-2.2.0-r422266:1244990 fatal store error> org.apache.openjpa.persistence.EntityExistsException: Cannot delete or update a parent row: a foreign key constraint fails (`RealIDB`.`Endpoint`, CONSTRAINT `Endpoint_ibfk_1` FOREIGN KEY (`fkDomainName`) REFERENCES `Domain` (`name`)) {prepstmnt 2110170711 DELETE FROM Domain WHERE name = ? [params=?]} [code=1451, state=23000]
FailedObject: org.opennaas.extensions.idb.database.hibernate.Domain-localDummy
	at org.apache.openjpa.jdbc.sql.DBDictionary.narrow(DBDictionary.java:4903)
	at org.apache.openjpa.jdbc.sql.DBDictionary.newStoreException(DBDictionary.java:4878)
	at org.apache.openjpa.jdbc.sql.SQLExceptions.getStore(SQLExceptions.java:136)
	at org.apache.openjpa.jdbc.sql.SQLExceptions.getStore(SQLExceptions.java:78)
	at org.apache.openjpa.jdbc.kernel.PreparedStatementManagerImpl.flushAndUpdate(PreparedStatementManagerImpl.java:143)
	at org.apache.openjpa.jdbc.kernel.BatchingPreparedStatementManagerImpl.flushAndUpdate(BatchingPreparedStatementManagerImpl.java:79)
	at org.apache.openjpa.jdbc.kernel.PreparedStatementManagerImpl.flushInternal(PreparedStatementManagerImpl.java:99)
	at org.apache.openjpa.jdbc.kernel.PreparedStatementManagerImpl.flush(PreparedStatementManagerImpl.java:87)
	at org.apache.openjpa.jdbc.kernel.ConstraintUpdateManager.flush(ConstraintUpdateManager.java:357)
	at org.apache.openjpa.jdbc.kernel.ConstraintUpdateManager.flushGraph(ConstraintUpdateManager.java:349)
	at org.apache.openjpa.jdbc.kernel.ConstraintUpdateManager.flush(ConstraintUpdateManager.java:111)
	at org.apache.openjpa.jdbc.kernel.BatchingConstraintUpdateManager.flush(BatchingConstraintUpdateManager.java:59)
	at org.apache.openjpa.jdbc.kernel.AbstractUpdateManager.flush(AbstractUpdateManager.java:103)
	at org.apache.openjpa.jdbc.kernel.AbstractUpdateManager.flush(AbstractUpdateManager.java:76)
	at org.apache.openjpa.jdbc.kernel.JDBCStoreManager.flush(JDBCStoreManager.java:713)
	at org.apache.openjpa.kernel.DelegatingStoreManager.flush(DelegatingStoreManager.java:131)
	... 44 more
Caused by: org.apache.openjpa.lib.jdbc.ReportingSQLException: Cannot delete or update a parent row: a foreign key constraint fails (`RealIDB`.`Endpoint`, CONSTRAINT `Endpoint_ibfk_1` FOREIGN KEY (`fkDomainName`) REFERENCES `Domain` (`name`)) {prepstmnt 2110170711 DELETE FROM Domain WHERE name = ? [params=?]} [code=1451, state=23000]
	at org.apache.openjpa.lib.jdbc.LoggingConnectionDecorator.wrap(LoggingConnectionDecorator.java:247)
	at org.apache.openjpa.lib.jdbc.LoggingConnectionDecorator.wrap(LoggingConnectionDecorator.java:223)
	at org.apache.openjpa.lib.jdbc.LoggingConnectionDecorator.access$1000(LoggingConnectionDecorator.java:72)
	at org.apache.openjpa.lib.jdbc.LoggingConnectionDecorator$LoggingConnection$LoggingPreparedStatement.executeUpdate(LoggingConnectionDecorator.java:1162)
	at org.apache.openjpa.lib.jdbc.DelegatingPreparedStatement.executeUpdate(DelegatingPreparedStatement.java:272)
	at org.apache.openjpa.jdbc.kernel.JDBCStoreManager$CancelPreparedStatement.executeUpdate(JDBCStoreManager.java:1741)
	at org.apache.openjpa.jdbc.kernel.PreparedStatementManagerImpl.executeUpdate(PreparedStatementManagerImpl.java:267)
	at org.apache.openjpa.jdbc.kernel.PreparedStatementManagerImpl.flushAndUpdate(PreparedStatementManagerImpl.java:118)
	... 55 more
WARN  2012-04-30 18:32:03,326 [Thread-6] - sending notification to http://localhost:8080/harmony-idb/services/Reservation failed! Calling http://localhost:8080/harmony-idb/services/Reservation:
Connection refused
WARN  2012-04-30 18:32:08,144 [idb_RequestHandler_fff10061_getReservations] - No such method: org.opennaas.extensions.idb.serviceinterface.databinding.jaxb.GetReservationsType.getReservationID()
WARN  2012-04-30 18:32:08,287 [idb_RequestHandler_fff10062_getReservations] - No such method: org.opennaas.extensions.idb.serviceinterface.databinding.jaxb.GetReservationsType.getReservationID()
WARN  2012-04-30 18:32:09,741 [idb_RequestHandler_fff10066_cancelJob] - No such method: org.opennaas.extensions.idb.serviceinterface.databinding.jaxb.CancelJobType.getReservationID()
WARN  2012-04-30 18:32:09,770 [idb_RequestHandler_fff10067_completeJob] - No such method: org.opennaas.extensions.idb.serviceinterface.databinding.jaxb.CompleteJobType.getReservationID()
