INFO  2012-05-05 19:50:38,005 [main] - Warning, it was impossible to get some EPR.
INFO  2012-05-05 19:50:38,018 [main] - Using default SimpleSoapClient
INFO  2012-05-05 19:50:39,318 [localDummy_RequestHandler_f2d60000_getDomains] - rename_thread main
INFO  2012-05-05 19:50:39,346 [localDummy_RequestHandler_f2d60001_getEndpoints] - rename_thread localDummy_RequestHandler_f2d60000_getDomains
INFO  2012-05-05 19:50:39,354 [localDummy_RequestHandler_f2d60002_getLinks] - rename_thread localDummy_RequestHandler_f2d60001_getEndpoints
INFO  2012-05-05 19:50:39,371 [localDummy_RequestHandler_f2d60002_getLinks] - Warning, it was impossible to get some EPR.
INFO  2012-05-05 19:50:39,371 [localDummy_RequestHandler_f2d60002_getLinks] - Using default SimpleSoapClient
INFO  2012-05-05 19:50:39,375 [localDummy_RequestHandler_f2d60003_addTopic] - rename_thread localDummy_RequestHandler_f2d60002_getLinks
INFO  2012-05-05 19:50:39,440 [localDummy_RequestHandler_f2d60003_addTopic] - Warning, it was impossible to get some EPR.
INFO  2012-05-05 19:50:39,441 [localDummy_RequestHandler_f2d60003_addTopic] - Using default SimpleSoapClient
INFO  2012-05-05 19:50:39,450 [localDummy_RequestHandler_f2d60004_isAvailable] - rename_thread localDummy_RequestHandler_f2d60003_addTopic
DEBUG 2012-05-05 19:50:39,457 [localDummy_RequestHandler_f2d60004_isAvailable] - Checking responsibility for IsAvailableType
DEBUG 2012-05-05 19:50:39,457 [localDummy_RequestHandler_f2d60004_isAvailable] - IsAvailableType is local request
INFO  2012-05-05 19:50:39,467 [localDummy_RequestHandler_f2d60005_createReservation] - rename_thread localDummy_RequestHandler_f2d60004_isAvailable
DEBUG 2012-05-05 19:50:39,492 [localDummy_RequestHandler_f2d60005_createReservation] - Checking responsibility for CreateReservationType
DEBUG 2012-05-05 19:50:39,492 [localDummy_RequestHandler_f2d60005_createReservation] - CreateReservationType is local request
INFO  2012-05-05 19:50:39,499 [localDummy_RequestHandler_f2d60006_getStatus] - rename_thread localDummy_RequestHandler_f2d60005_createReservation
DEBUG 2012-05-05 19:50:39,500 [localDummy_RequestHandler_f2d60006_getStatus] - Checking responsibility for GetStatusType
DEBUG 2012-05-05 19:50:39,501 [localDummy_RequestHandler_f2d60006_getStatus] - Own: localDummy, Req: localDummy
DEBUG 2012-05-05 19:50:39,501 [localDummy_RequestHandler_f2d60006_getStatus] - GetStatusType is local request
INFO  2012-05-05 19:50:39,510 [localDummy_RequestHandler_f2d60007_cancelReservation] - rename_thread localDummy_RequestHandler_f2d60006_getStatus
DEBUG 2012-05-05 19:50:39,512 [localDummy_RequestHandler_f2d60007_cancelReservation] - Checking responsibility for CancelReservationType
DEBUG 2012-05-05 19:50:39,512 [localDummy_RequestHandler_f2d60007_cancelReservation] - Own: localDummy, Req: localDummy
DEBUG 2012-05-05 19:50:39,512 [localDummy_RequestHandler_f2d60007_cancelReservation] - CancelReservationType is local request
INFO  2012-05-05 19:50:39,518 [localDummy_RequestHandler_f2d60008_getStatus] - rename_thread localDummy_RequestHandler_f2d60007_cancelReservation
DEBUG 2012-05-05 19:50:39,520 [localDummy_RequestHandler_f2d60008_getStatus] - Checking responsibility for GetStatusType
DEBUG 2012-05-05 19:50:39,520 [localDummy_RequestHandler_f2d60008_getStatus] - Own: localDummy, Req: localDummy
DEBUG 2012-05-05 19:50:39,520 [localDummy_RequestHandler_f2d60008_getStatus] - GetStatusType is local request
INFO  2012-05-05 19:50:39,531 [localDummy_RequestHandler_f2d60008_getStatus] - Warning, it was impossible to get some EPR.
INFO  2012-05-05 19:50:39,531 [localDummy_RequestHandler_f2d60008_getStatus] - Using default SimpleSoapClient
INFO  2012-05-05 19:50:39,535 [localDummy_RequestHandler_f2d60009_isAvailable] - rename_thread localDummy_RequestHandler_f2d60008_getStatus
DEBUG 2012-05-05 19:50:39,538 [localDummy_RequestHandler_f2d60009_isAvailable] - Checking responsibility for IsAvailableType
DEBUG 2012-05-05 19:50:39,538 [localDummy_RequestHandler_f2d60009_isAvailable] - IsAvailableType is local request
INFO  2012-05-05 19:50:39,546 [localDummy_RequestHandler_f2d6000a_createReservation] - rename_thread localDummy_RequestHandler_f2d60009_isAvailable
DEBUG 2012-05-05 19:50:39,549 [localDummy_RequestHandler_f2d6000a_createReservation] - Checking responsibility for CreateReservationType
DEBUG 2012-05-05 19:50:39,549 [localDummy_RequestHandler_f2d6000a_createReservation] - CreateReservationType is local request
INFO  2012-05-05 19:50:39,555 [localDummy_RequestHandler_f2d6000b_getStatus] - rename_thread localDummy_RequestHandler_f2d6000a_createReservation
DEBUG 2012-05-05 19:50:39,556 [localDummy_RequestHandler_f2d6000b_getStatus] - Checking responsibility for GetStatusType
DEBUG 2012-05-05 19:50:39,556 [localDummy_RequestHandler_f2d6000b_getStatus] - Own: localDummy, Req: localDummy
DEBUG 2012-05-05 19:50:39,556 [localDummy_RequestHandler_f2d6000b_getStatus] - GetStatusType is local request
INFO  2012-05-05 19:50:39,564 [localDummy_RequestHandler_f2d6000c_cancelReservation] - rename_thread localDummy_RequestHandler_f2d6000b_getStatus
DEBUG 2012-05-05 19:50:39,565 [localDummy_RequestHandler_f2d6000c_cancelReservation] - Checking responsibility for CancelReservationType
DEBUG 2012-05-05 19:50:39,565 [localDummy_RequestHandler_f2d6000c_cancelReservation] - Own: localDummy, Req: localDummy
DEBUG 2012-05-05 19:50:39,566 [localDummy_RequestHandler_f2d6000c_cancelReservation] - CancelReservationType is local request
INFO  2012-05-05 19:50:39,570 [localDummy_RequestHandler_f2d6000d_getStatus] - rename_thread localDummy_RequestHandler_f2d6000c_cancelReservation
DEBUG 2012-05-05 19:50:39,571 [localDummy_RequestHandler_f2d6000d_getStatus] - Checking responsibility for GetStatusType
DEBUG 2012-05-05 19:50:39,572 [localDummy_RequestHandler_f2d6000d_getStatus] - Own: localDummy, Req: localDummy
DEBUG 2012-05-05 19:50:39,572 [localDummy_RequestHandler_f2d6000d_getStatus] - GetStatusType is local request
INFO  2012-05-05 19:50:39,584 [localDummy_RequestHandler_f2d6000e_getReservations] - rename_thread localDummy_RequestHandler_f2d6000d_getStatus
DEBUG 2012-05-05 19:50:39,586 [localDummy_RequestHandler_f2d6000e_getReservations] - Checking responsibility for GetReservationsType
WARN  2012-05-05 19:50:39,587 [localDummy_RequestHandler_f2d6000e_getReservations] - No such method: org.opennaas.extensions.idb.serviceinterface.databinding.jaxb.GetReservationsType.getReservationID()
DEBUG 2012-05-05 19:50:39,587 [localDummy_RequestHandler_f2d6000e_getReservations] - GetReservationsType is local request
INFO  2012-05-05 19:50:39,602 [localDummy_RequestHandler_f2d6000e_getReservations] - Warning, it was impossible to get some EPR.
INFO  2012-05-05 19:50:39,603 [localDummy_RequestHandler_f2d6000e_getReservations] - Using default SimpleSoapClient
INFO  2012-05-05 19:50:39,608 [localDummy_RequestHandler_f2d6000f_bind] - rename_thread localDummy_RequestHandler_f2d6000e_getReservations
DEBUG 2012-05-05 19:50:39,610 [localDummy_RequestHandler_f2d6000f_bind] - Checking responsibility for BindType
DEBUG 2012-05-05 19:50:39,611 [localDummy_RequestHandler_f2d6000f_bind] - Own: localDummy, Req: localDummy
DEBUG 2012-05-05 19:50:39,611 [localDummy_RequestHandler_f2d6000f_bind] - BindType is local request
