DEBUG 2012-05-05 19:50:39,318 [localDummy_RequestHandler_f2d60000_getDomains] - start_requestHandler
INFO  2012-05-05 19:50:39,340 [localDummy_RequestHandler_f2d60000_getDomains] - duration_serializer_1 22ms
INFO  2012-05-05 19:50:39,341 [localDummy_RequestHandler_f2d60000_getDomains] - duration_validator 1ms
INFO  2012-05-05 19:50:39,341 [localDummy_RequestHandler_f2d60000_getDomains] - duration_processing 0ms
INFO  2012-05-05 19:50:39,341 [localDummy_RequestHandler_f2d60000_getDomains] - duration_reply_settype 0ms
INFO  2012-05-05 19:50:39,343 [localDummy_RequestHandler_f2d60000_getDomains] - duration_serializer_2 2ms
INFO  2012-05-05 19:50:39,343 [localDummy_RequestHandler_f2d60000_getDomains] - duration_requestHandler 25ms
DEBUG 2012-05-05 19:50:39,346 [localDummy_RequestHandler_f2d60001_getEndpoints] - start_requestHandler
INFO  2012-05-05 19:50:39,347 [localDummy_RequestHandler_f2d60001_getEndpoints] - duration_serializer_1 1ms
INFO  2012-05-05 19:50:39,347 [localDummy_RequestHandler_f2d60001_getEndpoints] - duration_validator 0ms
INFO  2012-05-05 19:50:39,347 [localDummy_RequestHandler_f2d60001_getEndpoints] - duration_processing 0ms
INFO  2012-05-05 19:50:39,347 [localDummy_RequestHandler_f2d60001_getEndpoints] - duration_reply_settype 0ms
INFO  2012-05-05 19:50:39,350 [localDummy_RequestHandler_f2d60001_getEndpoints] - duration_serializer_2 3ms
INFO  2012-05-05 19:50:39,350 [localDummy_RequestHandler_f2d60001_getEndpoints] - duration_requestHandler 4ms
DEBUG 2012-05-05 19:50:39,354 [localDummy_RequestHandler_f2d60002_getLinks] - start_requestHandler
INFO  2012-05-05 19:50:39,355 [localDummy_RequestHandler_f2d60002_getLinks] - duration_serializer_1 1ms
INFO  2012-05-05 19:50:39,355 [localDummy_RequestHandler_f2d60002_getLinks] - duration_validator 0ms
INFO  2012-05-05 19:50:39,355 [localDummy_RequestHandler_f2d60002_getLinks] - duration_processing 0ms
INFO  2012-05-05 19:50:39,356 [localDummy_RequestHandler_f2d60002_getLinks] - duration_reply_settype 1ms
INFO  2012-05-05 19:50:39,364 [localDummy_RequestHandler_f2d60002_getLinks] - duration_serializer_2 8ms
INFO  2012-05-05 19:50:39,364 [localDummy_RequestHandler_f2d60002_getLinks] - duration_requestHandler 10ms
DEBUG 2012-05-05 19:50:39,375 [localDummy_RequestHandler_f2d60003_addTopic] - start_requestHandler
INFO  2012-05-05 19:50:39,376 [localDummy_RequestHandler_f2d60003_addTopic] - duration_serializer_1 1ms
INFO  2012-05-05 19:50:39,376 [localDummy_RequestHandler_f2d60003_addTopic] - duration_validator 0ms
DEBUG 2012-05-05 19:50:39,450 [localDummy_RequestHandler_f2d60004_isAvailable] - start_requestHandler
INFO  2012-05-05 19:50:39,454 [localDummy_RequestHandler_f2d60004_isAvailable] - duration_serializer_1 4ms
INFO  2012-05-05 19:50:39,454 [localDummy_RequestHandler_f2d60004_isAvailable] - duration_validator 0ms
INFO  2012-05-05 19:50:39,458 [localDummy_RequestHandler_f2d60004_isAvailable] - duration_processing 4ms
INFO  2012-05-05 19:50:39,458 [localDummy_RequestHandler_f2d60004_isAvailable] - duration_reply_settype 0ms
INFO  2012-05-05 19:50:39,461 [localDummy_RequestHandler_f2d60004_isAvailable] - duration_serializer_2 3ms
INFO  2012-05-05 19:50:39,461 [localDummy_RequestHandler_f2d60004_isAvailable] - duration_requestHandler 11ms
DEBUG 2012-05-05 19:50:39,467 [localDummy_RequestHandler_f2d60005_createReservation] - start_requestHandler
INFO  2012-05-05 19:50:39,469 [localDummy_RequestHandler_f2d60005_createReservation] - duration_serializer_1 2ms
INFO  2012-05-05 19:50:39,491 [localDummy_RequestHandler_f2d60005_createReservation] - duration_validator 22ms
INFO  2012-05-05 19:50:39,492 [localDummy_RequestHandler_f2d60005_createReservation] - duration_processing 1ms
INFO  2012-05-05 19:50:39,493 [localDummy_RequestHandler_f2d60005_createReservation] - duration_reply_settype 1ms
INFO  2012-05-05 19:50:39,495 [localDummy_RequestHandler_f2d60005_createReservation] - duration_serializer_2 2ms
INFO  2012-05-05 19:50:39,495 [localDummy_RequestHandler_f2d60005_createReservation] - duration_requestHandler 28ms
DEBUG 2012-05-05 19:50:39,499 [localDummy_RequestHandler_f2d60006_getStatus] - start_requestHandler
INFO  2012-05-05 19:50:39,500 [localDummy_RequestHandler_f2d60006_getStatus] - duration_serializer_1 1ms
INFO  2012-05-05 19:50:39,500 [localDummy_RequestHandler_f2d60006_getStatus] - duration_validator 0ms
INFO  2012-05-05 19:50:39,501 [localDummy_RequestHandler_f2d60006_getStatus] - duration_processing 1ms
INFO  2012-05-05 19:50:39,502 [localDummy_RequestHandler_f2d60006_getStatus] - duration_reply_settype 1ms
INFO  2012-05-05 19:50:39,505 [localDummy_RequestHandler_f2d60006_getStatus] - duration_serializer_2 3ms
INFO  2012-05-05 19:50:39,505 [localDummy_RequestHandler_f2d60006_getStatus] - duration_requestHandler 6ms
DEBUG 2012-05-05 19:50:39,510 [localDummy_RequestHandler_f2d60007_cancelReservation] - start_requestHandler
INFO  2012-05-05 19:50:39,511 [localDummy_RequestHandler_f2d60007_cancelReservation] - duration_serializer_1 1ms
INFO  2012-05-05 19:50:39,512 [localDummy_RequestHandler_f2d60007_cancelReservation] - duration_validator 1ms
INFO  2012-05-05 19:50:39,512 [localDummy_RequestHandler_f2d60007_cancelReservation] - duration_processing 0ms
INFO  2012-05-05 19:50:39,512 [localDummy_RequestHandler_f2d60007_cancelReservation] - duration_reply_settype 0ms
INFO  2012-05-05 19:50:39,515 [localDummy_RequestHandler_f2d60007_cancelReservation] - duration_serializer_2 3ms
INFO  2012-05-05 19:50:39,515 [localDummy_RequestHandler_f2d60007_cancelReservation] - duration_requestHandler 5ms
DEBUG 2012-05-05 19:50:39,518 [localDummy_RequestHandler_f2d60008_getStatus] - start_requestHandler
INFO  2012-05-05 19:50:39,519 [localDummy_RequestHandler_f2d60008_getStatus] - duration_serializer_1 1ms
INFO  2012-05-05 19:50:39,520 [localDummy_RequestHandler_f2d60008_getStatus] - duration_validator 0ms
INFO  2012-05-05 19:50:39,521 [localDummy_RequestHandler_f2d60008_getStatus] - duration_processing 2ms
INFO  2012-05-05 19:50:39,521 [localDummy_RequestHandler_f2d60008_getStatus] - duration_reply_settype 0ms
INFO  2012-05-05 19:50:39,525 [localDummy_RequestHandler_f2d60008_getStatus] - duration_serializer_2 4ms
INFO  2012-05-05 19:50:39,525 [localDummy_RequestHandler_f2d60008_getStatus] - duration_requestHandler 7ms
DEBUG 2012-05-05 19:50:39,536 [localDummy_RequestHandler_f2d60009_isAvailable] - start_requestHandler
INFO  2012-05-05 19:50:39,538 [localDummy_RequestHandler_f2d60009_isAvailable] - duration_serializer_1 2ms
INFO  2012-05-05 19:50:39,538 [localDummy_RequestHandler_f2d60009_isAvailable] - duration_validator 0ms
INFO  2012-05-05 19:50:39,539 [localDummy_RequestHandler_f2d60009_isAvailable] - duration_processing 1ms
INFO  2012-05-05 19:50:39,539 [localDummy_RequestHandler_f2d60009_isAvailable] - duration_reply_settype 0ms
INFO  2012-05-05 19:50:39,541 [localDummy_RequestHandler_f2d60009_isAvailable] - duration_serializer_2 2ms
INFO  2012-05-05 19:50:39,541 [localDummy_RequestHandler_f2d60009_isAvailable] - duration_requestHandler 5ms
DEBUG 2012-05-05 19:50:39,546 [localDummy_RequestHandler_f2d6000a_createReservation] - start_requestHandler
INFO  2012-05-05 19:50:39,549 [localDummy_RequestHandler_f2d6000a_createReservation] - duration_serializer_1 3ms
INFO  2012-05-05 19:50:39,549 [localDummy_RequestHandler_f2d6000a_createReservation] - duration_validator 0ms
INFO  2012-05-05 19:50:39,550 [localDummy_RequestHandler_f2d6000a_createReservation] - duration_processing 1ms
INFO  2012-05-05 19:50:39,550 [localDummy_RequestHandler_f2d6000a_createReservation] - duration_reply_settype 0ms
INFO  2012-05-05 19:50:39,552 [localDummy_RequestHandler_f2d6000a_createReservation] - duration_serializer_2 2ms
INFO  2012-05-05 19:50:39,552 [localDummy_RequestHandler_f2d6000a_createReservation] - duration_requestHandler 6ms
DEBUG 2012-05-05 19:50:39,555 [localDummy_RequestHandler_f2d6000b_getStatus] - start_requestHandler
INFO  2012-05-05 19:50:39,556 [localDummy_RequestHandler_f2d6000b_getStatus] - duration_serializer_1 1ms
INFO  2012-05-05 19:50:39,556 [localDummy_RequestHandler_f2d6000b_getStatus] - duration_validator 0ms
INFO  2012-05-05 19:50:39,556 [localDummy_RequestHandler_f2d6000b_getStatus] - duration_processing 0ms
INFO  2012-05-05 19:50:39,557 [localDummy_RequestHandler_f2d6000b_getStatus] - duration_reply_settype 1ms
INFO  2012-05-05 19:50:39,559 [localDummy_RequestHandler_f2d6000b_getStatus] - duration_serializer_2 2ms
INFO  2012-05-05 19:50:39,559 [localDummy_RequestHandler_f2d6000b_getStatus] - duration_requestHandler 4ms
DEBUG 2012-05-05 19:50:39,564 [localDummy_RequestHandler_f2d6000c_cancelReservation] - start_requestHandler
INFO  2012-05-05 19:50:39,565 [localDummy_RequestHandler_f2d6000c_cancelReservation] - duration_serializer_1 1ms
INFO  2012-05-05 19:50:39,565 [localDummy_RequestHandler_f2d6000c_cancelReservation] - duration_validator 0ms
INFO  2012-05-05 19:50:39,566 [localDummy_RequestHandler_f2d6000c_cancelReservation] - duration_processing 1ms
INFO  2012-05-05 19:50:39,566 [localDummy_RequestHandler_f2d6000c_cancelReservation] - duration_reply_settype 0ms
INFO  2012-05-05 19:50:39,568 [localDummy_RequestHandler_f2d6000c_cancelReservation] - duration_serializer_2 2ms
INFO  2012-05-05 19:50:39,568 [localDummy_RequestHandler_f2d6000c_cancelReservation] - duration_requestHandler 4ms
DEBUG 2012-05-05 19:50:39,571 [localDummy_RequestHandler_f2d6000d_getStatus] - start_requestHandler
INFO  2012-05-05 19:50:39,571 [localDummy_RequestHandler_f2d6000d_getStatus] - duration_serializer_1 0ms
INFO  2012-05-05 19:50:39,571 [localDummy_RequestHandler_f2d6000d_getStatus] - duration_validator 0ms
INFO  2012-05-05 19:50:39,572 [localDummy_RequestHandler_f2d6000d_getStatus] - duration_processing 1ms
INFO  2012-05-05 19:50:39,572 [localDummy_RequestHandler_f2d6000d_getStatus] - duration_reply_settype 0ms
INFO  2012-05-05 19:50:39,575 [localDummy_RequestHandler_f2d6000d_getStatus] - duration_serializer_2 3ms
INFO  2012-05-05 19:50:39,575 [localDummy_RequestHandler_f2d6000d_getStatus] - duration_requestHandler 4ms
DEBUG 2012-05-05 19:50:39,584 [localDummy_RequestHandler_f2d6000e_getReservations] - start_requestHandler
INFO  2012-05-05 19:50:39,586 [localDummy_RequestHandler_f2d6000e_getReservations] - duration_serializer_1 1ms
INFO  2012-05-05 19:50:39,586 [localDummy_RequestHandler_f2d6000e_getReservations] - duration_validator 0ms
INFO  2012-05-05 19:50:39,588 [localDummy_RequestHandler_f2d6000e_getReservations] - duration_processing 2ms
INFO  2012-05-05 19:50:39,589 [localDummy_RequestHandler_f2d6000e_getReservations] - duration_reply_settype 1ms
INFO  2012-05-05 19:50:39,593 [localDummy_RequestHandler_f2d6000e_getReservations] - duration_serializer_2 4ms
INFO  2012-05-05 19:50:39,593 [localDummy_RequestHandler_f2d6000e_getReservations] - duration_requestHandler 8ms
DEBUG 2012-05-05 19:50:39,608 [localDummy_RequestHandler_f2d6000f_bind] - start_requestHandler
INFO  2012-05-05 19:50:39,610 [localDummy_RequestHandler_f2d6000f_bind] - duration_serializer_1 2ms
INFO  2012-05-05 19:50:39,610 [localDummy_RequestHandler_f2d6000f_bind] - duration_validator 0ms
